<?xml version="1.0" encoding="UTF-8"?>
<!-- Generated by org.testng.reporters.JUnitReportReporter -->
<testsuite name="com.lithium.perf.testcases.lia.TC1" tests="2" failures="0" timestamp="23 Jun 2014 19:04:17 GMT" time="18.279" errors="0">
  <testcase name="homePage" time="8.390" classname="com.lithium.perf.testcases.lia.TC1"/>
  <testcase name="Search" time="9.889" classname="com.lithium.perf.testcases.lia.TC1"/>
</testsuite> <!-- com.lithium.perf.testcases.lia.TC1 -->
